<?xml version="1.0" encoding="UTF-8"?>
<!-- Generated by org.testng.reporters.JUnitXMLReporter -->
<testsuite ignored="9" hostname="Rakeshs-MacBook-Pro.local" failures="0" tests="17" name="test" time="0.05" errors="0" timestamp="2022-04-23T14:26:52 IST">
  <testcase classname="android.hotel.Login" name="Login1" time="0.005"/>
  <testcase classname="android.hotel.Login" name="Login2" time="0.001"/>
  <testcase classname="android.hotel.Login" name="Login3" time="0.001"/>
  <testcase classname="android.hotel.Login" name="Login4" time="0.001"/>
  <testcase classname="android.hotel.Login" name="Login5" time="0.001"/>
  <testcase classname="android.hotel.Login" name="Login6" time="0.001"/>
  <testcase classname="android.hotel.NonLoginMultiGuest" name="NonLoginMultiGuest5" time="0.0"/>
  <testcase classname="android.hotel.LoginMultiGuest" name="LoginMultiGuest1" time="0.0"/>
  <testcase classname="android.hotel.LoginMultiGuest" name="LoginMultiGuest2" time="0.0"/>
  <testcase classname="android.hotel.LoginMultiGuest" name="LoginMultiGuest3" time="0.0"/>
  <testcase classname="android.hotel.LoginMultiGuest" name="LoginMultiGuest4" time="0.001"/>
  <testcase classname="android.hotel.LoginMultiGuest" name="LoginMultiGuest5" time="0.0"/>
  <testcase classname="android.hotel.LoginSingleGuest" name="LoginSingleGuest1" time="0.001"/>
  <testcase classname="android.hotel.LoginSingleGuest" name="LoginSingleGuest2" time="0.001"/>
  <testcase classname="android.hotel.LoginSingleGuest" name="LoginSingleGuest3" time="0.001"/>
  <testcase classname="android.hotel.LoginSingleGuest" name="LoginSingleGuest4" time="0.001"/>
  <testcase classname="android.hotel.LoginSingleGuest" name="LoginSingleGuest5" time="0.001"/>
  <testcase classname="android.hotel.NonLogin" name="NonLogin2" time="0.0">
    <ignored/>
  </testcase> <!-- NonLogin2 -->
  <testcase classname="android.hotel.NonLoginMultiGuest" name="NonLoginMultiGuest3" time="0.0">
    <ignored/>
  </testcase> <!-- NonLoginMultiGuest3 -->
  <testcase classname="android.hotel.NonLoginMultiGuest" name="NonLoginMultiGuest4" time="0.0">
    <ignored/>
  </testcase> <!-- NonLoginMultiGuest4 -->
  <testcase classname="android.hotel.NonLogin" name="NonLogin1" time="0.0">
    <ignored/>
  </testcase> <!-- NonLogin1 -->
  <testcase classname="android.hotel.NonLogin" name="NonLogin3" time="0.0">
    <ignored/>
  </testcase> <!-- NonLogin3 -->
  <testcase classname="android.hotel.NonLogin" name="NonLogin5" time="0.0">
    <ignored/>
  </testcase> <!-- NonLogin5 -->
  <testcase classname="android.hotel.NonLoginMultiGuest" name="NonLoginMultiGuest2" time="0.0">
    <ignored/>
  </testcase> <!-- NonLoginMultiGuest2 -->
  <testcase classname="android.hotel.NonLogin" name="NonLogin4" time="0.0">
    <ignored/>
  </testcase> <!-- NonLogin4 -->
  <testcase classname="android.hotel.NonLoginMultiGuest" name="NonLoginMultiGuest1" time="0.0">
    <ignored/>
  </testcase> <!-- NonLoginMultiGuest1 -->
</testsuite> <!-- test -->
