<?xml version="1.0" encoding="UTF-8"?>
<testsuite xmlns:xsi="http://www.w3.org/2001/XMLSchema-instance" xsi:noNamespaceSchemaLocation="https://maven.apache.org/surefire/maven-surefire-plugin/xsd/surefire-test-report.xsd" name="TestSuite" time="5.714" tests="17" errors="0" skipped="0" failures="0">
  <properties>
[...]
</properties>
  <testcase name="Login1" classname="android.hotel.Login" time="0.006"/>
  <testcase name="Login2" classname="android.hotel.Login" time="0"/>
  <testcase name="Login3" classname="android.hotel.Login" time="0"/>
  <testcase name="Login4" classname="android.hotel.Login" time="0.001"/>
  <testcase name="Login5" classname="android.hotel.Login" time="0"/>
  <testcase name="Login6" classname="android.hotel.Login" time="0.001"/>
  <testcase name="NonLoginMultiGuest5" classname="android.hotel.NonLoginMultiGuest" time="0"/>
  <testcase name="LoginMultiGuest1" classname="android.hotel.LoginMultiGuest" time="0.001"/>
  <testcase name="LoginMultiGuest2" classname="android.hotel.LoginMultiGuest" time="0.001"/>
  <testcase name="LoginMultiGuest3" classname="android.hotel.LoginMultiGuest" time="0"/>
  <testcase name="LoginMultiGuest4" classname="android.hotel.LoginMultiGuest" time="0"/>
  <testcase name="LoginMultiGuest5" classname="android.hotel.LoginMultiGuest" time="0.001"/>
  <testcase name="LoginSingleGuest1" classname="android.hotel.LoginSingleGuest" time="0"/>
  <testcase name="LoginSingleGuest2" classname="android.hotel.LoginSingleGuest" time="0"/>
  <testcase name="LoginSingleGuest3" classname="android.hotel.LoginSingleGuest" time="0.001"/>
  <testcase name="LoginSingleGuest4" classname="android.hotel.LoginSingleGuest" time="0"/>
  <testcase name="LoginSingleGuest5" classname="android.hotel.LoginSingleGuest" time="0.001"/>
</testsuite>